Base path: C:/Program Files/Unity/Hub/Editor/2019.1.0f2/Editor/Data
Cmd: initializeCompiler
Cmd: compileSnippet
  api=4 type=0 insize=1581 outsize=790 kw= pd=UNITY_ENABLE_REFLECTION_BUFFERS UNITY_USE_DITHER_MASK_FOR_ALPHABLENDED_SHADOWS UNITY_PBS_USE_BRDF1 UNITY_SPECCUBE_BOX_PROJECTION UNITY_SPECCUBE_BLENDING UNITY_ENABLE_DETAIL_NORMALMAP SHADER_API_DESKTOP UNITY_COLORSPACE_GAMMA UNITY_LIGHT_PROBE_PROXY_VOLUME UNITY_LIGHTMAP_FULL_HDR ok=1
Cmd: compileSnippet
  api=4 type=0 insize=75416 outsize=1210 kw=UNITY_PASS_FORWARDBASE DIRECTIONAL LIGHTPROBE_SH pd=UNITY_ENABLE_REFLECTION_BUFFERS UNITY_USE_DITHER_MASK_FOR_ALPHABLENDED_SHADOWS UNITY_PBS_USE_BRDF1 UNITY_SPECCUBE_BOX_PROJECTION UNITY_SPECCUBE_BLENDING UNITY_ENABLE_DETAIL_NORMALMAP SHADER_API_DESKTOP UNITY_COLORSPACE_GAMMA UNITY_LIGHT_PROBE_PROXY_VOLUME UNITY_LIGHTMAP_FULL_HDR ok=1
Cmd: initializeCompiler
Cmd: compileComputeKernel
  api=4 insize=2059 outsize=1517 ok=1
Cmd: compileComputeKernel
  api=4 insize=10881 outsize=10437 ok=1
Cmd: compileComputeKernel
  api=4 insize=18299 outsize=10469 ok=1
Cmd: compileComputeKernel
  api=4 insize=1454 outsize=597 ok=1
Cmd: compileSnippet
  api=4 type=0 insize=17829 outsize=7526 kw=_MAIN_LIGHT_SHADOWS pd=UNITY_ENABLE_REFLECTION_BUFFERS UNITY_USE_DITHER_MASK_FOR_ALPHABLENDED_SHADOWS UNITY_PBS_USE_BRDF1 UNITY_SPECCUBE_BOX_PROJECTION UNITY_SPECCUBE_BLENDING UNITY_ENABLE_DETAIL_NORMALMAP SHADER_API_DESKTOP UNITY_COLORSPACE_GAMMA UNITY_LIGHT_PROBE_PROXY_VOLUME UNITY_LIGHTMAP_FULL_HDR ok=1
Cmd: compileSnippet
  error: 1 plat 4 at (189): pow(f, e) will not work for negative f, use abs(f) or conditionally handle negative values if you expect them\nCompiling Fragment program with _MAIN_LIGHT_SHADOWS
Platform defines: UNITY_ENABLE_REFLECTION_BUFFERS UNITY_USE_DITHER_MASK_FOR_ALPHABLENDED_SHADOWS UNITY_PBS_USE_BRDF1 UNITY_SPECCUBE_BOX_PROJECTION UNITY_SPECCUBE_BLENDING UNITY_ENABLE_DETAIL_NORMALMAP SHADER_API_DESKTOP UNITY_COLORSPACE_GAMMA UNITY_LIGHT_PROBE_PROXY_VOLUME UNITY_LIGHTMAP_FULL_HDR
  api=4 type=1 insize=17833 outsize=3354 kw=_MAIN_LIGHT_SHADOWS pd=UNITY_ENABLE_REFLECTION_BUFFERS UNITY_USE_DITHER_MASK_FOR_ALPHABLENDED_SHADOWS UNITY_PBS_USE_BRDF1 UNITY_SPECCUBE_BOX_PROJECTION UNITY_SPECCUBE_BLENDING UNITY_ENABLE_DETAIL_NORMALMAP SHADER_API_DESKTOP UNITY_COLORSPACE_GAMMA UNITY_LIGHT_PROBE_PROXY_VOLUME UNITY_LIGHTMAP_FULL_HDR ok=1
Cmd: compileSnippet
  api=4 type=0 insize=17827 outsize=7486 kw=_MAIN_LIGHT_SHADOWS _ADDITIONAL_LIGHTS pd=UNITY_ENABLE_REFLECTION_BUFFERS UNITY_USE_DITHER_MASK_FOR_ALPHABLENDED_SHADOWS UNITY_PBS_USE_BRDF1 UNITY_SPECCUBE_BOX_PROJECTION UNITY_SPECCUBE_BLENDING UNITY_ENABLE_DETAIL_NORMALMAP SHADER_API_DESKTOP UNITY_COLORSPACE_GAMMA UNITY_LIGHT_PROBE_PROXY_VOLUME UNITY_LIGHTMAP_FULL_HDR ok=1
Cmd: compileSnippet
  api=4 type=1 insize=5657 outsize=854 kw=UNDERLAY_ON pd=UNITY_ENABLE_REFLECTION_BUFFERS UNITY_USE_DITHER_MASK_FOR_ALPHABLENDED_SHADOWS UNITY_PBS_USE_BRDF1 UNITY_SPECCUBE_BOX_PROJECTION UNITY_SPECCUBE_BLENDING UNITY_ENABLE_DETAIL_NORMALMAP SHADER_API_DESKTOP UNITY_COLORSPACE_GAMMA UNITY_LIGHT_PROBE_PROXY_VOLUME UNITY_LIGHTMAP_FULL_HDR ok=1
Cmd: initializeCompiler
Cmd: compileComputeKernel
  api=4 insize=14379 outsize=87113 ok=1
Cmd: compileComputeKernel
  api=4 insize=14379 outsize=31865 ok=1
Cmd: compileComputeKernel
  api=4 insize=14379 outsize=41173 ok=1
Cmd: compileComputeKernel
  api=4 insize=14379 outsize=40345 ok=1
Cmd: compileComputeKernel
  api=4 insize=14379 outsize=69501 ok=1
Cmd: compileComputeKernel
  api=4 insize=14379 outsize=88821 ok=1
Cmd: compileComputeKernel
  api=4 insize=26814 outsize=15773 ok=1
Cmd: compileComputeKernel
  api=4 insize=1326 outsize=613 ok=1
Cmd: compileComputeKernel
  api=4 insize=1753 outsize=1861 ok=1
Cmd: compileComputeKernel
  api=4 insize=1567 outsize=961 ok=1
Cmd: compileComputeKernel
  api=4 insize=19063 outsize=15261 ok=1
Cmd: compileComputeKernel
  api=4 insize=20454 outsize=27309 ok=1
Cmd: compileComputeKernel
  api=4 insize=34758 outsize=34501 ok=1
Cmd: compileComputeKernel
  api=4 insize=34758 outsize=32769 ok=1
Cmd: compileComputeKernel
  api=4 insize=9814 outsize=4293 ok=1
Cmd: compileComputeKernel
  api=4 insize=16866 outsize=6505 ok=1
Cmd: compileComputeKernel
  api=4 insize=16866 outsize=7029 ok=1
Cmd: compileComputeKernel
  api=4 insize=16866 outsize=7333 ok=1
Cmd: compileComputeKernel
  api=4 insize=16866 outsize=9757 ok=1
Cmd: compileComputeKernel
  api=4 insize=16866 outsize=8773 ok=1
Cmd: compileComputeKernel
  api=4 insize=16866 outsize=10469 ok=1
Cmd: compileComputeKernel
  api=4 insize=3145 outsize=4233 ok=1
Cmd: compileComputeKernel
  api=4 insize=1192 outsize=541 ok=1
Cmd: compileComputeKernel
  api=4 insize=1565 outsize=1457 ok=1
Cmd: compileComputeKernel
  api=4 insize=1544 outsize=653 ok=1
Cmd: compileComputeKernel
  api=4 insize=5285 outsize=2165 ok=1
Cmd: initializeCompiler
